c:\users\aleix\source\repos\tje2d\visual\visual\debug\vc143.pdb
c:\users\aleix\source\repos\tje2d\visual\visual\debug\vc143.idb
c:\users\aleix\source\repos\tje2d\visual\visual\debug\utils.obj
c:\users\aleix\source\repos\tje2d\visual\visual\debug\synth.obj
c:\users\aleix\source\repos\tje2d\visual\visual\debug\main.obj
c:\users\aleix\source\repos\tje2d\visual\visual\debug\input.obj
c:\users\aleix\source\repos\tje2d\visual\visual\debug\image.obj
c:\users\aleix\source\repos\tje2d\visual\visual\debug\game.obj
c:\users\aleix\source\repos\tje2d\visual\visual\debug\framework.obj
c:\users\aleix\source\repos\tje2d\visual\visual\debug\stageplay.obj
c:\users\aleix\source\repos\tje2d\visual\visual\debug\stageintro.obj
c:\users\aleix\source\repos\tje2d\visual\visual\debug\stagemenu.obj
c:\users\aleix\source\repos\tje2d\visual\visual\debug\world.obj
c:\users\aleix\source\repos\tje2d\visual\visual\debug\sprite.obj
c:\users\aleix\source\repos\tje2d\visual\visual\debug\player.obj
c:\users\aleix\source\repos\tje2d\visual\visual\debug\gamemap.obj
c:\users\aleix\source\repos\tje2d\visual\visual\debug\stageoutro.obj
c:\users\aleix\source\repos\tje2d\visual\visual\debug\pressureplate.obj
c:\users\aleix\source\repos\tje2d\visual\visual\debug\stagegameover.obj
c:\users\aleix\source\repos\tje2d\visual\visual\debug\map.obj
c:\users\aleix\source\repos\tje2d\game.exe
c:\users\aleix\source\repos\tje2d\game.pdb
c:\users\aleix\source\repos\tje2d\visual\visual\debug\stage.obj
c:\users\aleix\source\repos\tje2d\visual\visual\debug\game.tlog\cl.command.1.tlog
c:\users\aleix\source\repos\tje2d\visual\visual\debug\game.tlog\cl.read.1.tlog
c:\users\aleix\source\repos\tje2d\visual\visual\debug\game.tlog\cl.write.1.tlog
c:\users\aleix\source\repos\tje2d\visual\visual\debug\game.tlog\link-cvtres.read.1.tlog
c:\users\aleix\source\repos\tje2d\visual\visual\debug\game.tlog\link-cvtres.write.1.tlog
c:\users\aleix\source\repos\tje2d\visual\visual\debug\game.tlog\link-rc.read.1.tlog
c:\users\aleix\source\repos\tje2d\visual\visual\debug\game.tlog\link-rc.write.1.tlog
c:\users\aleix\source\repos\tje2d\visual\visual\debug\game.tlog\link.command.1.tlog
c:\users\aleix\source\repos\tje2d\visual\visual\debug\game.tlog\link.read.1.tlog
c:\users\aleix\source\repos\tje2d\visual\visual\debug\game.tlog\link.write.1.tlog
